2021-06-22 09:47:16,balce.melner@gordoncollege.edu.ph,Melner Balce,CCS,BSIT,LAMP - Faculty Panel,Logged In,Web Access using Desktop/Laptop
2021-06-22 11:06:49,balce.melner@gordoncollege.edu.ph,Melner Balce,CCS,BSIT,LAMP - Faculty Panel,Logged In,Web Access using Desktop/Laptop
2021-06-22 11:08:29,balce.melner@gordoncollege.edu.ph,Melner Balce,CCS,BSIT,LAMP - Faculty Panel,Logged In,Web Access using Desktop/Laptop
2021-06-22 11:11:16,balce.melner@gordoncollege.edu.ph,Melner Balce,CCS,BSIT,LAMP - Faculty Panel,Logged In,Web Access using Desktop/Laptop
2021-06-22 11:13:50,balce.melner@gordoncollege.edu.ph,Melner Balce,CCS,BSIT,LAMP - Faculty Panel,Logged In,Web Access using Desktop/Laptop
2021-06-22 11:21:45,balce.melner@gordoncollege.edu.ph,Melner Balce,CCS,BSIT,LAMP - Faculty Panel,Logged In,Web Access using Desktop/Laptop
2021-06-22 11:43:42,balce.melner@gordoncollege.edu.ph,Melner Balce,CCS,BSIT,LAMP - Faculty Panel,Logged In,Web Access using Desktop/Laptop
2021-06-22 11:44:29,balce.melner@gordoncollege.edu.ph,Melner Balce,CCS,BSIT,LAMP - Faculty Panel,Logged In,Web Access using Desktop/Laptop
2021-06-22 12:08:20,balce.melner@gordoncollege.edu.ph,Melner Balce,CCS,BSIT,LAMP - Faculty Panel,Logged In,Web Access using Desktop/Laptop
2021-06-22 12:42:06,balce.melner@gordoncollege.edu.ph,Melner Balce,CCS,BSIT,LAMP - Faculty Panel,Logged In,Web Access using Desktop/Laptop
2021-06-22 13:07:05,balce.melner@gordoncollege.edu.ph,Melner Balce,CCS,BSIT,LAMP - Faculty Panel,Logged In,Web Access using Desktop/Laptop
2021-06-22 13:08:14,balce.melner@gordoncollege.edu.ph,Melner Balce,CCS,BSIT,LAMP - Faculty Panel,Logged In,Web Access using Desktop/Laptop
2021-06-22 13:29:31,balce.melner@gordoncollege.edu.ph,Melner Balce,CCS,BSIT,LAMP - Faculty Panel,Logged In,Web Access using Desktop/Laptop
2021-06-22 14:09:49,balce.melner@gordoncollege.edu.ph,Melner Balce,CCS,BSIT,LAMP - Faculty Panel,Logged In,Web Access using Desktop/Laptop
2021-06-22 14:24:10,balce.melner@gordoncollege.edu.ph,Melner Balce,CCS,BSIT,LAMP - Faculty Panel,Logged In,Web Access using Desktop/Laptop
2021-06-22 14:51:22,balce.melner@gordoncollege.edu.ph,Melner Balce,CCS,BSIT,LAMP - Faculty Panel,Logged In,Web Access using Desktop/Laptop
2021-06-22 16:52:45,balce.melner@gordoncollege.edu.ph,Melner Balce,CCS,BSIT,LAMP - Faculty Panel,Logged In,Web Access using Desktop/Laptop
2021-06-24 11:54:06,balce.melner@gordoncollege.edu.ph,Melner Balce,CCS,BSIT,LAMP - Faculty Panel,Logged In,Web Access using Desktop/Laptop
2021-06-24 17:31:00,balce.melner@gordoncollege.edu.ph,Melner Balce,CCS,BSIT,LAMP - Faculty Panel,Logged In,Web Access using Desktop/Laptop
2021-06-24 17:47:19,balce.melner@gordoncollege.edu.ph, , , ,LAMP - Faculty Panel,Attempted to Log In,Web Access using Desktop/Laptop
2021-06-24 17:47:23,balce.melner@gordoncollege.edu.ph,Melner Balce,CCS,BSIT,LAMP - Faculty Panel,Logged In,Web Access using Desktop/Laptop
2021-06-26 14:52:37,balce.melner@gordoncollege.edu.ph,Melner Balce,CCS,BSIT,LAMP - Faculty Panel,Logged In,Web Access using Desktop/Laptop
2021-07-01 17:39:37,balce.melner@gordoncollege.edu.ph, , , ,LAMP - Faculty Panel,Attempted to Log In,Web Access using Desktop/Laptop
2021-07-01 17:39:41,balce.melner@gordoncollege.edu.ph,Melner Balce,CCS,BSIT,LAMP - Faculty Panel,Logged In,Web Access using Desktop/Laptop
2021-07-02 17:21:28,balce.melner@gordoncollege.edu.ph,Melner Balce,CCS,BSIT,LAMP - Faculty Panel,Logged In,Web Access using Desktop/Laptop
2021-07-03 09:31:35,balce.melner@gordoncollege.edu.ph,Melner Balce,CCS,BSIT,LAMP - Faculty Panel,Logged In,Web Access using Desktop/Laptop
2021-07-03 09:45:27,balce.melner@gordoncollege.edu.ph,Melner Balce,CCS,BSIT,LAMP - Faculty Panel,Logged In,Web Access using Desktop/Laptop
2021-07-03 09:47:09,balce.melner@gordoncollege.edu.ph,Melner Balce,CCS,BSIT,LAMP - Faculty Panel,Logged In,Web Access using Desktop/Laptop
2021-07-03 10:54:50,balce.melner@gordoncollege.edu.ph, , , ,LAMP - Faculty Panel,Attempted to Log In,Web Access using Desktop/Laptop
2021-07-03 10:56:28,balce.melner@gordoncollege.edu.ph,Melner Balce,CCS,BSIT,LAMP - Faculty Panel,Logged In,Web Access using Desktop/Laptop
2021-07-03 10:59:05,balce.melner@gordoncollege.edu.ph,Melner Balce,CCS,BSIT,LAMP - Faculty Panel,Logged In,Web Access using Desktop/Laptop
2021-07-07 12:33:04,corsina.paul@gordoncollege.edu.ph, , , ,LAMP - Faculty Panel,Attempted to Log In,Web Access using Desktop/Laptop
2021-07-07 12:33:14,corsina.paul@gordoncollege.edu.ph, , , ,LAMP - Faculty Panel,Attempted to Log In,Web Access using Desktop/Laptop
2021-07-07 12:34:42,corsina.paul@gordoncollege.edu.ph,Paul Vincent Corsina,CCS,BSEMC,LAMP - Faculty Panel,Logged In,Web Access using Desktop/Laptop
2021-07-07 13:04:02,corsina.paul@gordoncollege.edu.ph,Paul Vincent Corsina,CCS,BSEMC,LAMP - Faculty Panel,Logged In,Web Access using Desktop/Laptop
2021-07-08 14:23:54,balce.melner@gordoncollege.edu.ph,Melner Balce,CCS,BSIT,LAMP - Faculty Panel,Logged In,Web Access using Desktop/Laptop
2021-12-05 15:02:49,balce.melner@gordoncollege.edu.ph, , , ,LAMP - Faculty Panel,Attempted to Log In,Web Access using Desktop/Laptop
2021-12-05 15:02:59,balce.melner@gordoncollege.edu.ph,Melner Balce,OVPAF - MIS Unit,BSCS,LAMP - Faculty Panel,Logged In,Web Access using Desktop/Laptop
2021-12-05 15:04:21,GC20200036,Melner Balce,OVPAF - MIS Unit,BSCS,LAMP - Faculty Panel,Change Password, 
2021-12-05 15:42:00,balce.melner@gordoncollege.edu.ph,Melner Balce,OVPAF - MIS Unit,BSCS,LAMP - Faculty Panel,Logged In,Web Access using Desktop/Laptop
2021-12-05 18:49:21,balce.melner@gordoncollege.edu.ph,Melner Balce,OVPAF - MIS Unit,BSCS,LAMP - Faculty Panel,Logged In,Web Access using Desktop/Laptop
2021-12-06 07:18:42,balce.melner@gordoncollege.edu.ph, , , ,LAMP - Faculty Panel,Attempted to Log In,Web Access using Desktop/Laptop
2021-12-06 07:18:47,balce.melner@gordoncollege.edu.ph,Melner Balce,OVPAF - MIS Unit,BSCS,LAMP - Faculty Panel,Logged In,Web Access using Desktop/Laptop
2021-12-07 11:37:15,balce.melner@gordoncollege.edu.ph,Melner Balce,OVPAF - MIS Unit,BSCS,LAMP - Faculty Panel,Logged In,Web Access using Desktop/Laptop
2021-12-08 09:53:26,balce.melner@gordoncollege.edu.ph,Melner Balce,OVPAF - MIS Unit,BSCS,LAMP - Faculty Panel,Logged In,Web Access using Desktop/Laptop
2021-12-08 10:21:10,balce.melner@gordoncollege.edu.ph,Melner Balce,OVPAF - MIS Unit,BSCS,LAMP - Faculty Panel,Logged In,Web Access using Desktop/Laptop
2021-12-08 11:40:39,balce.melner@gordoncollege.edu.ph,Melner Balce,OVPAF - MIS Unit,BSCS,LAMP - Faculty Panel,Logged In,Web Access using Desktop/Laptop
2021-12-08 17:11:36,balce.melner@gordoncollege.edu.ph, , , ,LAMP - Faculty Panel,Attempted to Log In,Web Access using Desktop/Laptop
2021-12-08 17:11:39,balce.melner@gordoncollege.edu.ph, , , ,LAMP - Faculty Panel,Attempted to Log In,Web Access using Desktop/Laptop
2021-12-08 17:11:42,balce.melner@gordoncollege.edu.ph, , , ,LAMP - Faculty Panel,Attempted to Log In,Web Access using Desktop/Laptop
2021-12-08 17:12:01,balce.melner@gordoncollege.edu.ph,Melner Balce,OVPAF - MIS Unit,BSCS,LAMP - Faculty Panel,Logged In,Web Access using Desktop/Laptop
2021-12-08 17:12:04,balce.melner@gordoncollege.edu.ph,Melner Balce,OVPAF - MIS Unit,BSCS,LAMP - Faculty Panel,Logged In,Web Access using Desktop/Laptop
2021-12-08 17:12:21,balce.melner@gordoncollege.edu.ph,Melner Balce,OVPAF - MIS Unit,BSCS,LAMP - Faculty Panel,Logged In,Web Access using Desktop/Laptop
2021-12-11 12:57:17,, , , ,,Attempted to Log In,
2021-12-11 13:03:12,balce.melner@gordoncollege.edu.ph, , , ,LAMP - Faculty Panel,Attempted to Log In,Web Access using Desktop/Laptop
2021-12-11 13:03:18,balce.melner@gordoncollege.edu.ph, , , ,LAMP - Faculty Panel,Attempted to Log In,Web Access using Desktop/Laptop
2021-12-11 13:03:44,balce.melner@gordoncollege.edu.ph,Melner Balce,OVPAF - MIS Unit,BSCS,LAMP - Faculty Panel,Logged In,Web Access using Desktop/Laptop
2021-12-13 18:56:07,balce.melner@gordoncollege.edu.ph,Melner Balce,OVPAF - MIS Unit,BSCS,LAMP - Faculty Panel,Logged In,Web Access using Desktop/Laptop
2021-12-14 15:39:51,balce.melner@gordoncollege.edu.ph,Melner Balce,OVPAF - MIS Unit,BSCS,LAMP - Faculty Panel,Logged In,Web Access using Mobile phone
2021-12-14 17:25:35,balce.melner@gordoncollege.edu.ph,Melner Balce,OVPAF - MIS Unit,BSCS,LAMP - Faculty Panel,Logged In,Web Access using Desktop/Laptop
2022-03-21 12:43:45,balce.melner@gordoncollege.edu.ph,Melner Balce,OVPAF - MIS Unit,BSCS,LAMP - Faculty Panel,Logged In,Web Access using Desktop/Laptop
2022-03-21 14:27:58,balce.melner@gordoncolleghe.edu.ph, , , ,LAMP - Faculty Panel,Attempted to Log In,Web Access using Desktop/Laptop
2022-03-21 14:28:10,balce.melner@gordoncolleghe.edu.ph, , , ,LAMP - Faculty Panel,Attempted to Log In,Web Access using Desktop/Laptop
2022-03-21 14:28:18,balce.melner@gordoncollege.edu.ph,Melner Balce,OVPAF - MIS Unit,BSCS,LAMP - Faculty Panel,Logged In,Web Access using Desktop/Laptop
2022-03-21 15:49:11,balce.melner@gordoncollege.edu.ph,Melner Balce,OVPAF - MIS Unit,BSCS,LAMP - Faculty Panel,Logged In,Web Access using Desktop/Laptop
2022-03-21 20:59:53,balce.melner@gordoncollege.edu.ph,Melner Balce,OVPAF - MIS Unit,BSCS,LAMP - Faculty Panel,Logged In,Web Access using Desktop/Laptop
2022-03-21 21:47:15,balce.melner@gordoncollege.edu.ph,Melner Balce,OVPAF - MIS Unit,BSCS,LAMP - Faculty Panel,Logged In,Web Access using Desktop/Laptop
2022-03-22 20:50:18,balce.melner@gordoncollege.edu.ph,Melner Balce,OVPAF - MIS Unit,BSCS,LAMP - Faculty Panel,Logged In,Web Access using Desktop/Laptop
2022-03-22 21:47:19,201810144@gordoncollege.edu.ph, , , ,LAMP - Faculty Panel,Attempted to Log In,Web Access using Desktop/Laptop
2022-03-22 21:47:24,balce.melner@gordoncollege.edu.ph,Melner Balce,OVPAF - MIS Unit,BSCS,LAMP - Faculty Panel,Logged In,Web Access using Desktop/Laptop
2022-03-22 23:07:12,balce.melner@gordoncollege.edu.ph,Melner Balce,OVPAF - MIS Unit,BSCS,LAMP - Faculty Panel,Logged In,Web Access using Desktop/Laptop
2022-03-23 22:47:42,balce.melner@gordoncollege.edu.ph,Melner Balce,OVPAF - MIS Unit,BSCS,LAMP - Faculty Panel,Logged In,Web Access using Desktop/Laptop
2022-03-24 00:36:19,balce.melner@gordoncollege.edu.ph,Melner Balce,OVPAF - MIS Unit,BSCS,LAMP - Faculty Panel,Logged In,Web Access using Desktop/Laptop
2022-03-25 01:00:05,balce.melner@gordoncollege.edu.ph,Melner Balce,OVPAF - MIS Unit,BSCS,LAMP - Faculty Panel,Logged In,Web Access using Desktop/Laptop
2022-03-25 01:00:39,balce.melner@gordoncollege.edu.ph,Melner Balce,OVPAF - MIS Unit,BSCS,LAMP - Faculty Panel,Logged In,Web Access using Desktop/Laptop
2022-06-19 16:39:16,balce.melner@gordoncollege.edu.ph,Melner Balce,OVPAF - MIS Unit,BSCS,LAMP - Faculty Panel,Logged In,Web Access using Desktop/Laptop
2022-06-20 13:36:33,balce.melener@gordoncollege.edu.ph, , , ,LAMP - Faculty Panel,Attempted to Log In,Web Access using Desktop/Laptop
2022-06-20 13:36:38,balce.melner@gordoncollege.edu.ph,Melner Balce,OVPAF - MIS Unit,BSCS,LAMP - Faculty Panel,Logged In,Web Access using Desktop/Laptop
2022-06-20 14:09:26,balce.melner@gordoncollege.edu.ph,Melner Balce,OVPAF - MIS Unit,BSCS,LAMP - Faculty Panel,Logged In,Web Access using Desktop/Laptop
2022-06-20 19:40:14,balce.melner@gordoncollege.edu.ph,Melner Balce,OVPAF - MIS Unit,BSCS,LAMP - Faculty Panel,Logged In,Web Access using Desktop/Laptop
2022-06-20 16:18:58,balce.melner@gordoncollege.edu.ph,Melner Balce,OVPAF - MIS Unit,BSCS,LAMP - Faculty Panel,Logged In,Web Access using Desktop/Laptop
2022-06-20 19:58:15,balce.melner@gordoncollege.edu.ph,Melner Balce,OVPAF - MIS Unit,BSCS,LAMP - Faculty Panel,Logged In,Web Access using Desktop/Laptop
2022-06-20 20:06:19,balce.melner@gordoncollege.edu.ph,Melner Balce,OVPAF - MIS Unit,BSCS,LAMP - Faculty Panel,Logged In,Web Access using Desktop/Laptop
2022-06-20 20:10:25,balce.melner@gordoncollege.edu.ph,Melner Balce,OVPAF - MIS Unit,BSCS,LAMP - Faculty Panel,Logged In,Web Access using Desktop/Laptop
2022-06-20 22:21:26,balce.melner@gordoncollege.edu.ph,Melner Balce,OVPAF - MIS Unit,BSCS,LAMP - Faculty Panel,Logged In,Web Access using Desktop/Laptop
2022-06-20 18:09:17,balce.melner@gordoncollege.edu.ph,Melner Balce,OVPAF - MIS Unit,BSCS,LAMP - Faculty Panel,Logged In,Web Access using Desktop/Laptop
2022-06-20 18:49:18,balce.melner@gordoncollege.edu.ph,Melner Balce,OVPAF - MIS Unit,BSCS,LAMP - Faculty Panel,Logged In,Web Access using Desktop/Laptop
