2021-06-24 17:19:57,201811167@gordoncollege.edu.ph, , , ,LAMP - Student Panel,Attempted to Log In,Web Access using Desktop/Laptop
2021-06-24 17:20:06,201811167@gordoncollege.edu.ph, , , ,LAMP - Student Panel,Attempted to Log In,Web Access using Desktop/Laptop
2021-06-24 17:24:00,201810736@gordoncollege.edu.ph, , , ,LAMP - Student Panel,Attempted to Log In,Web Access using Desktop/Laptop
2021-06-24 17:25:30,201810736@gordoncollege.edu.ph,Cyrel Neil Absalon,CCS,BSCS,LAMP - Student Panel,Logged In,Web Access using Desktop/Laptop
2021-06-26 16:15:50,201811167@gordoncollege.edu.ph, , , ,LAMP - Student Panel,Attempted to Log In,Web Access using Desktop/Laptop
2021-06-26 16:15:57,201811167@gordoncollege.edu.ph, , , ,LAMP - Student Panel,Attempted to Log In,Web Access using Desktop/Laptop
2021-06-26 16:16:09,201810950@gordoncollege.edu.ph,Jumar Chavez,CCS,BSCS,LAMP - Student Panel,Logged In,Web Access using Desktop/Laptop
2021-07-01 17:31:09,201810736@gordoncollege.edu.ph, , , ,LAMP - Student Panel,Attempted to Log In,Web Access using Desktop/Laptop
2021-07-01 17:31:18,201911962@gordoncollege.edu.ph, , , ,LAMP - Student Panel,Attempted to Log In,Web Access using Desktop/Laptop
2021-07-01 17:31:34,201810736@gordoncollege.edu.ph, , , ,LAMP - Student Panel,Attempted to Log In,Web Access using Desktop/Laptop
2021-07-01 17:31:40,201710241@gordoncollege.edu.ph, , , ,LAMP - Student Panel,Attempted to Log In,Web Access using Desktop/Laptop
2021-07-01 17:32:07,201910941@gordoncollege.edu.ph, , , ,LAMP - Student Panel,Attempted to Log In,Web Access using Desktop/Laptop
2021-07-01 17:32:53,201910941@gordoncollege.edu.ph, , , ,LAMP - Student Panel,Attempted to Log In,Web Access using Desktop/Laptop
2021-07-01 17:33:25,201911962@gordoncollege.edu.ph, , , ,LAMP - Student Panel,Attempted to Log In,Web Access using Desktop/Laptop
2021-07-01 17:33:54,201910941@gordoncollege.edu.ph, , , ,LAMP - Student Panel,Attempted to Log In,Web Access using Desktop/Laptop
2021-07-01 17:34:09,201910941@gordoncollege.edu.ph, , , ,LAMP - Student Panel,Attempted to Log In,Web Access using Desktop/Laptop
2021-07-01 17:34:25,201710241@gordoncollege.edu.ph, , , ,LAMP - Student Panel,Attempted to Log In,Web Access using Desktop/Laptop
2021-07-01 17:35:09,201910941@gordoncollege.edu.ph, , , ,LAMP - Student Panel,Attempted to Log In,Web Access using Desktop/Laptop
2021-07-01 17:37:20,201910941@gordoncollege.edu.ph, , , ,LAMP - Student Panel,Attempted to Log In,Web Access using Desktop/Laptop
2021-07-01 17:42:19,201810736@gordoncollege.edu.ph,Cyrel Neil Absalon,CCS,BSCS,LAMP - Student Panel,Logged In,Web Access using Desktop/Laptop
2021-07-07 12:30:21,201811167@gordoncollege.edu.ph, , , ,LAMP - Student Panel,Attempted to Log In,Web Access using Desktop/Laptop
2021-07-07 12:30:21,201811167@gordoncollege.edu.ph, , , ,LAMP - Student Panel,Attempted to Log In,Web Access using Desktop/Laptop
2021-07-07 12:30:21,201811167@gordoncollege.edu.ph,Nicole Marcial,CCS,BSIT,LAMP - Student Panel,Logged In,Web Access using Desktop/Laptop
2021-07-07 12:36:28,201811167@gordoncollege.edu.ph,Nicole Marcial,CCS,BSIT,LAMP - Student Panel,Logged In,Web Access using Desktop/Laptop
2022-06-29 14:35:20,201810144, , , ,LAMP - Student Panel,Attempted to Log In,Web Access using Desktop/Laptop
2022-06-29 14:37:06,201811259, , , ,LAMP - Student Panel,Attempted to Log In,Web Access using Desktop/Laptop
2022-06-29 14:37:12,201811259, , , ,LAMP - Student Panel,Attempted to Log In,Web Access using Desktop/Laptop
2022-06-29 14:37:22,201811259, , , ,LAMP - Student Panel,Attempted to Log In,Web Access using Desktop/Laptop
2022-06-29 14:37:25,201811259, , , ,LAMP - Student Panel,Attempted to Log In,Web Access using Desktop/Laptop
2022-06-29 14:37:30,201811259, , , ,LAMP - Student Panel,Attempted to Log In,Web Access using Desktop/Laptop
2022-06-29 14:38:01,201811259, , , ,LAMP - Student Panel,Attempted to Log In,Web Access using Desktop/Laptop
2022-06-29 14:38:37,201811259, , , ,LAMP - Student Panel,Attempted to Log In,Web Access using Desktop/Laptop
2022-06-29 14:38:56,201811259, , , ,LAMP - Student Panel,Attempted to Log In,Web Access using Desktop/Laptop
2022-06-29 14:38:59,201811259, , , ,LAMP - Student Panel,Attempted to Log In,Web Access using Desktop/Laptop
2022-06-29 14:39:01,201811259, , , ,LAMP - Student Panel,Attempted to Log In,Web Access using Desktop/Laptop
2022-06-29 14:42:49,201811259, , , ,LAMP - Student Panel,Attempted to Log In,Web Access using Desktop/Laptop
2022-06-29 14:43:10,201811259, , , ,LAMP - Student Panel,Attempted to Log In,Web Access using Desktop/Laptop
2022-06-29 14:45:15,201811259, , , ,LAMP - Student Panel,Attempted to Log In,Web Access using Desktop/Laptop
2022-06-29 14:46:08,201811259@gordoncollege.edu.ph, , , ,LAMP - Student Panel,Attempted to Log In,Web Access using Desktop/Laptop
2022-06-29 14:46:24,201811259@gordoncollege.edu.ph, , , ,LAMP - Student Panel,Attempted to Log In,Web Access using Desktop/Laptop
2022-06-29 14:48:48,201811259@gordoncollege.edu.ph, , , ,LAMP - Student Panel,Attempted to Log In,Web Access using Desktop/Laptop
2022-06-29 14:52:02,290010001@gordoncollege.edu.ph, , , ,LAMP - Student Panel,Attempted to Log In,Web Access using Desktop/Laptop
2022-06-29 14:54:33,290010001@gordoncollege.edu.ph, , , ,LAMP - Student Panel,Attempted to Log In,Web Access using Desktop/Laptop
2022-06-29 14:54:41,290010001@gordoncollege.edu.ph, , , ,LAMP - Student Panel,Attempted to Log In,Web Access using Desktop/Laptop
2022-06-29 14:56:51,290010001@gordoncollege.edu.ph, , , ,LAMP - Student Panel,Attempted to Log In,Web Access using Desktop/Laptop
2022-06-29 14:57:07,290010001@gordoncollege.edu.ph, , , ,LAMP - Student Panel,Attempted to Log In,Web Access using Desktop/Laptop
2022-06-29 14:59:15,290010001@gordoncollege.edu.ph, , , ,LAMP - Student Panel,Attempted to Log In,Web Access using Desktop/Laptop
2022-06-29 14:59:55,201811259@gordoncollege.edu.ph, , , ,LAMP - Student Panel,Attempted to Log In,Web Access using Desktop/Laptop
2022-06-29 15:00:11,201811259@gordoncollege.edu.ph, , , ,LAMP - Student Panel,Attempted to Log In,Web Access using Desktop/Laptop
2022-06-29 15:00:55,201811259@gordoncollege.edu.ph, , , ,LAMP - Student Panel,Attempted to Log In,Web Access using Desktop/Laptop
2022-06-29 15:03:47,201810144@gordoncollege.edu.ph,Austin Ray Aranda,CCS,BSIT,LAMP - Student Panel,Logged In,Web Access using Desktop/Laptop
2022-06-29 15:05:42,201810144@gordoncollege.edu.ph,Austin Ray Aranda,CCS,BSIT,LAMP - Student Panel,Logged In,Web Access using Desktop/Laptop
2022-06-29 15:06:29,201810144@gordoncollege.edu.ph,Austin Ray Aranda,CCS,BSIT,LAMP - Student Panel,Logged In,Web Access using Desktop/Laptop
2022-06-29 15:17:10,testaccount@gordoncollege.edu.ph,Juan Dela Cruz,CCS,BSIT,LAMP - Student Panel,Logged In,Web Access using Desktop/Laptop
2022-06-29 15:22:13,testaccount@gordoncollege.edu.ph,Juan Dela Cruz,CCS,BSIT,LAMP - Student Panel,Logged In,Web Access using Desktop/Laptop
2022-06-29 15:25:59,testaccount@gordoncollege.edu.ph,Juan Dela Cruz,CCS,BSIT,LAMP - Student Panel,Logged In,Web Access using Desktop/Laptop
2022-06-29 15:28:32,testaccount@gordoncollege.edu.ph,Juan Dela Cruz,CCS,BSIT,LAMP - Student Panel,Logged In,Web Access using Desktop/Laptop
2022-06-29 16:50:17,testaccount@gordoncollege.edu.ph,Juan Dela Cruz,CCS,BSIT,LAMP - Student Panel,Logged In,Web Access using Desktop/Laptop
2022-06-29 16:50:47,testaccount@gordoncollege.edu.ph,Juan Dela Cruz,CCS,BSIT,LAMP - Student Panel,Logged In,Web Access using Desktop/Laptop
2022-06-29 17:00:41,testaccount@gordoncollege.edu.ph,Juan Dela Cruz,CCS,BSIT,LAMP - Student Panel,Logged In,Web Access using Desktop/Laptop
2022-06-29 17:39:34,testaccount@gordoncollege.edu.ph,Juan Dela Cruz,CCS,BSIT,LAMP - Student Panel,Logged In,Web Access using Desktop/Laptop
2022-06-29 17:46:50,testaccount@gordoncollege.edu.ph,Juan Dela Cruz,CCS,BSIT,LAMP - Student Panel,Logged In,Web Access using Desktop/Laptop
2022-06-29 21:55:11,testaccount@gordoncollege.edu.ph,Juan Dela Cruz,CCS,BSIT,LAMP - Student Panel,Logged In,Web Access using Desktop/Laptop
2022-06-29 21:59:04,290010001, , , ,LAMP - Student Panel,Attempted to Log In,Web Access using Desktop/Laptop
2022-06-29 22:05:22,testaccount@gordoncollege.edu.ph,Juan Dela Cruz,CCS,BSIT,LAMP - Student Panel,Logged In,Web Access using Desktop/Laptop
2022-06-29 22:18:09,testaccount@gordoncollege.edu.ph,Juan Dela Cruz,CCS,BSIT,LAMP - Student Panel,Logged In,Web Access using Mobile phone
2022-06-29 22:19:23,testaccount@gordoncollege.edu.ph,Juan Dela Cruz,CCS,BSIT,LAMP - Student Panel,Logged In,Web Access using Mobile phone
2022-06-29 22:22:01,testaccount@gordoncollege.edu.ph,Juan Dela Cruz,CCS,BSIT,LAMP - Student Panel,Logged In,Web Access using Mobile phone
2022-06-29 22:23:54,testaccount@gordoncollege.edu.ph,Juan Dela Cruz,CCS,BSIT,LAMP - Student Panel,Logged In,Web Access using Desktop/Laptop
2022-06-30 00:11:37,testaccount@gordoncollege.edu.ph,Juan Dela Cruz,CCS,BSIT,LAMP - Student Panel,Logged In,Web Access using Desktop/Laptop
2022-06-30 00:18:09,testaccount@gordoncollege.edu.ph,Juan Dela Cruz,CCS,BSIT,LAMP - Student Panel,Logged In,Web Access using Desktop/Laptop
2022-06-30 00:59:13,testaccount@gordoncollege.edu.ph,Juan Dela Cruz,CCS,BSIT,LAMP - Student Panel,Logged In,Web Access using Desktop/Laptop
2022-06-30 13:38:50,testaccount@gordoncollege.edu.ph,Juan Dela Cruz,CCS,BSIT,LAMP - Student Panel,Logged In,Web Access using Desktop/Laptop
2022-06-30 12:14:48,testaccount@gordoncollege.edu.ph,Juan Dela Cruz,CCS,BSIT,LAMP - Student Panel,Logged In,Web Access using Desktop/Laptop
2022-07-03 02:20:39,testaccount@gordoncollege.edu.ph,Juan Dela Cruz,CCS,BSIT,LAMP - Student Panel,Logged In,Web Access using Desktop/Laptop
2022-07-03 02:22:08,testaccount@gordoncollege.edu.ph,Juan Dela Cruz,CCS,BSIT,LAMP - Student Panel,Logged In,Web Access using Desktop/Laptop
2022-07-03 23:12:14,290010001, , , ,LAMP - Student Panel,Attempted to Log In,Web Access using Desktop/Laptop
2022-07-03 23:12:14,290010001, , , ,LAMP - Student Panel,Attempted to Log In,Web Access using Desktop/Laptop
2022-07-03 20:23:57,testaccount@gordoncollege.edu.ph,Juan Dela Cruz,CCS,BSIT,LAMP - Student Panel,Logged In,Web Access using Desktop/Laptop
2022-07-03 20:43:26,testaccount@gordoncollege.edu.ph,Juan Dela Cruz,CCS,BSIT,LAMP - Student Panel,Logged In,Web Access using Mobile phone
2022-07-03 21:12:04,testaccount@gordoncollege.edu.ph,Juan Dela Cruz,CCS,BSIT,LAMP - Student Panel,Logged In,Web Access using Desktop/Laptop
2022-07-03 22:46:20,testaccount@gordoncollege.edu.ph,Juan Dela Cruz,CCS,BSIT,LAMP - Student Panel,Logged In,Web Access using Desktop/Laptop
2022-07-03 22:51:17,testaccount@gordoncollege.edu.ph,Juan Dela Cruz,CCS,BSIT,LAMP - Student Panel,Logged In,Web Access using Desktop/Laptop
2022-07-04 01:32:44,testaccount@gordoncollege.edu.ph,Juan Dela Cruz,CCS,BSIT,LAMP - Student Panel,Logged In,Web Access using Desktop/Laptop

2022-07-04 10:58:47,testaccount@gordoncollege.edu.ph,Juan Dela Cruz,CCS,BSIT,LAMP - Student Panel,Logged In,Web Access using Desktop/Laptop
2022-07-04 11:00:16,testaccount@gordoncollege.edu.ph,Juan Dela Cruz,CCS,BSIT,LAMP - Student Panel,Logged In,Web Access using Desktop/Laptop
2022-07-04 17:05:15,testaccount@gordoncollege.edu.ph,Juan Dela Cruz,CCS,BSIT,LAMP - Student Panel,Logged In,Web Access using Desktop/Laptop
2022-07-04 17:05:16,testaccount@gordoncollege.edu.ph,Juan Dela Cruz,CCS,BSIT,LAMP - Student Panel,Logged In,Web Access using Desktop/Laptop
2022-07-08 01:33:50,testaccount@gordoncollege.edu.ph,Juan Dela Cruz,CCS,BSIT,LAMP - Student Panel,Logged In,Web Access using Desktop/Laptop
