2021-06-22 10:10:31,GC20200036,Classroom,Melner Balce Commented in Parallel and Distributed Computing (Lec),201810736:201811267:201811374:201810149:201811399:201811382:201620091:201810950:201810764:201810220:201810797:201811639:201810466:201811483:201810447:201810739:201810138:201810219:201810105
2021-06-22 11:43:53,GC20200036,Classroom,Melner Balce Added Post in Parallel and Distributed Computing (Lec),201810736:201811267:201811374:201810149:201811399:201811382:201620091:201810950:201810764:201810220:201810797:201811639:201810466:201811483:201810447:201810739:201810138:201810219:201810105
2021-06-22 11:44:35,GC20200036,Classroom,Melner Balce Added Post in Parallel and Distributed Computing (Lec),201810736:201811267:201811374:201810149:201811399:201811382:201620091:201810950:201810764:201810220:201810797:201811639:201810466:201811483:201810447:201810739:201810138:201810219:201810105
2021-06-22 11:45:19,GC20200036,Classroom,Melner Balce Added Post in Parallel and Distributed Computing (Lec),201810736:201811267:201811374:201810149:201811399:201811382:201620091:201810950:201810764:201810220:201810797:201811639:201810466:201811483:201810447:201810739:201810138:201810219:201810105
2021-06-22 11:45:33,GC20200036,Classroom,Melner Balce Added Post in Parallel and Distributed Computing (Lec),201810736:201811267:201811374:201810149:201811399:201811382:201620091:201810950:201810764:201810220:201810797:201811639:201810466:201811483:201810447:201810739:201810138:201810219:201810105
2021-06-22 11:45:42,GC20200036,Classroom,Melner Balce Added Post in Parallel and Distributed Computing (Lec),201810736:201811267:201811374:201810149:201811399:201811382:201620091:201810950:201810764:201810220:201810797:201811639:201810466:201811483:201810447:201810739:201810138:201810219:201810105
2021-06-22 11:51:03,GC20200036,Classroom,Melner Balce Added Post in Parallel and Distributed Computing (Lec),201810736:201811267:201811374:201810149:201811399:201811382:201620091:201810950:201810764:201810220:201810797:201811639:201810466:201811483:201810447:201810739:201810138:201810219:201810105
2021-06-22 11:51:10,GC20200036,Classroom,Melner Balce Added Post in Parallel and Distributed Computing (Lec),201810736:201811267:201811374:201810149:201811399:201811382:201620091:201810950:201810764:201810220:201810797:201811639:201810466:201811483:201810447:201810739:201810138:201810219:201810105
2021-06-22 11:51:20,GC20200036,Classroom,Melner Balce Added Post in Parallel and Distributed Computing (Lec),201810736:201811267:201811374:201810149:201811399:201811382:201620091:201810950:201810764:201810220:201810797:201811639:201810466:201811483:201810447:201810739:201810138:201810219:201810105
2021-06-22 12:37:01,GC20200036,Classroom,Melner Balce Added Post in Parallel and Distributed Computing (Lec),201810736:201811267:201811374:201810149:201811399:201811382:201620091:201810950:201810764:201810220:201810797:201811639:201810466:201811483:201810447:201810739:201810138:201810219:201810105
2021-06-22 12:42:12,GC20200036,Classroom,Melner Balce Added Post in Parallel and Distributed Computing (Lec),201810736:201811267:201811374:201810149:201811399:201811382:201620091:201810950:201810764:201810220:201810797:201811639:201810466:201811483:201810447:201810739:201810138:201810219:201810105
2021-06-22 12:44:00,GC20200036,Classroom,Melner Balce Added Post in Parallel and Distributed Computing (Lec),201810736:201811267:201811374:201810149:201811399:201811382:201620091:201810950:201810764:201810220:201810797:201811639:201810466:201811483:201810447:201810739:201810138:201810219:201810105
2021-06-22 12:44:07,GC20200036,Classroom,Melner Balce Added Post in Parallel and Distributed Computing (Lec),201810736:201811267:201811374:201810149:201811399:201811382:201620091:201810950:201810764:201810220:201810797:201811639:201810466:201811483:201810447:201810739:201810138:201810219:201810105
2021-06-22 12:44:51,GC20200036,Classroom,Melner Balce Added Post in Parallel and Distributed Computing (Lec),201810736:201811267:201811374:201810149:201811399:201811382:201620091:201810950:201810764:201810220:201810797:201811639:201810466:201811483:201810447:201810739:201810138:201810219:201810105
2021-06-22 12:44:57,GC20200036,Classroom,Melner Balce Added Post in Parallel and Distributed Computing (Lec),201810736:201811267:201811374:201810149:201811399:201811382:201620091:201810950:201810764:201810220:201810797:201811639:201810466:201811483:201810447:201810739:201810138:201810219:201810105
2021-06-22 12:46:14,GC20200036,Classroom,Melner Balce Added Post in Parallel and Distributed Computing (Lec),201810736:201811267:201811374:201810149:201811399:201811382:201620091:201810950:201810764:201810220:201810797:201811639:201810466:201811483:201810447:201810739:201810138:201810219:201810105
2021-06-22 12:46:36,GC20200036,Classroom,Melner Balce Added Post in Parallel and Distributed Computing (Lec),201810736:201811267:201811374:201810149:201811399:201811382:201620091:201810950:201810764:201810220:201810797:201811639:201810466:201811483:201810447:201810739:201810138:201810219:201810105
2021-06-22 12:46:43,GC20200036,Classroom,Melner Balce Commented in Parallel and Distributed Computing (Lec),201810736:201811267:201811374:201810149:201811399:201811382:201620091:201810950:201810764:201810220:201810797:201811639:201810466:201811483:201810447:201810739:201810138:201810219:201810105
2021-06-22 12:47:13,GC20200036,Classroom,Melner BalceAdd Comment on actcode AC202100006,
2021-06-22 13:30:54,GC20200036,Classroom,Melner Balce Added Resources in Parallel and Distributed Computing (Lec),201810736:201811267:201811374:201810149:201811399:201811382:201620091:201810950:201810764:201810220:201810797:201811639:201810466:201811483:201810447:201810739:201810138:201810219:201810105
2021-06-22 14:10:03,GC20200036,Classroom,Melner Balce Added Post in Parallel and Distributed Computing (Lec),201810736:201811267:201811374:201810149:201811399:201811382:201620091:201810950:201810764:201810220:201810797:201811639:201810466:201811483:201810447:201810739:201810138:201810219:201810105
2021-06-24 12:30:57,GC20200036,Classroom,Melner Balce Added Post in Parallel and Distributed Computing (Lec),201810736:201811267:201811374:201810149:201811399:201811382:201620091:201810950:201810764:201810220:201810797:201811639:201810466:201811483:201810447:201810739:201810138:201810219:201810105
2021-06-24 17:33:47,GC20200036,Classroom,Melner Balce Added Quiz in Parallel and Distributed Computing (Lec),
2021-06-24 17:34:01,GC20200036,Classroom,Melner Balce Edited Quiz with actcode AC202100012,
2021-06-24 17:35:49,GC20200036,Classroom,Melner Balce Edited Quiz with actcode AC202100012,
2021-06-26 15:27:14,GC20200036,Classroom,Melner BalceMelner Balce graded activity on class 29533,
2021-07-01 17:48:37,GC20200036,Classroom,Melner Balce Edited Quiz with actcode AC202100011,
2021-07-01 17:49:13,GC20200036,Classroom,Melner Balce Added Activity in Parallel and Distributed Computing (Lec),201810736:201811267:201811374:201810149:201811399:201811382:201620091:201810950:201810764:201810220:201810797:201811639:201810466:201811483:201810447:201810739:201810138:201810219:201810105
2021-07-01 17:49:43,GC20200036,Classroom,Melner BalceMelner Balce graded activity on class 29533,
2021-07-02 17:30:59,GC20200036,Classroom,Melner Balce Added Activity in Parallel and Distributed Computing (Lab),201810736:201811267:201811374:201810149:201811399:201811382:201620091:201810950:201810764:201810220:201810797:201811639:201810466:201811483:201810447:201810739:201810138:201810219:201810105
2021-07-02 17:31:08,GC20200036,Classroom,Melner Balce Added Resources in Parallel and Distributed Computing (Lab),201810736:201811267:201811374:201810149:201811399:201811382:201620091:201810950:201810764:201810220:201810797:201811639:201810466:201811483:201810447:201810739:201810138:201810219:201810105
2021-07-02 17:31:37,GC20200036,Classroom,Melner Balce Added Post in Parallel and Distributed Computing (Lab),201810736:201811267:201811374:201810149:201811399:201811382:201620091:201810950:201810764:201810220:201810797:201811639:201810466:201811483:201810447:201810739:201810138:201810219:201810105
2021-07-02 17:31:50,GC20200036,Classroom,Melner Balce Added Poll in Parallel and Distributed Computing (Lab),201810736:201811267:201811374:201810149:201811399:201811382:201620091:201810950:201810764:201810220:201810797:201811639:201810466:201811483:201810447:201810739:201810138:201810219:201810105
2021-07-02 17:31:55,GC20200036,Classroom,Melner Balce Commented in Parallel and Distributed Computing (Lab),201810736:201811267:201811374:201810149:201811399:201811382:201620091:201810950:201810764:201810220:201810797:201811639:201810466:201811483:201810447:201810739:201810138:201810219:201810105
2021-07-02 17:31:57,GC20200036,Classroom,Melner Balce Added reply in Parallel and Distributed Computing (Lab),201810736:201811267:201811374:201810149:201811399:201811382:201620091:201810950:201810764:201810220:201810797:201811639:201810466:201811483:201810447:201810739:201810138:201810219:201810105
2021-07-02 17:32:08,GC20200036,Classroom,Melner Balce Commented in Parallel and Distributed Computing (Lab),201810736:201811267:201811374:201810149:201811399:201811382:201620091:201810950:201810764:201810220:201810797:201811639:201810466:201811483:201810447:201810739:201810138:201810219:201810105
2021-07-02 17:32:11,GC20200036,Classroom,Melner Balce Commented in Parallel and Distributed Computing (Lab),201810736:201811267:201811374:201810149:201811399:201811382:201620091:201810950:201810764:201810220:201810797:201811639:201810466:201811483:201810447:201810739:201810138:201810219:201810105
2021-07-02 17:32:27,GC20200036,Classroom,Melner Balce Commented in Parallel and Distributed Computing (Lab),201810736:201811267:201811374:201810149:201811399:201811382:201620091:201810950:201810764:201810220:201810797:201811639:201810466:201811483:201810447:201810739:201810138:201810219:201810105
2021-07-02 17:32:45,GC20200036,Classroom,Melner Balce Edited Post with postcode CP202100043,
2021-07-02 17:32:55,GC20200036,Classroom,Melner Balce Edited Post with postcode CP202100043,
2021-07-02 17:33:04,GC20200036,Classroom,Melner Balce Added Post in Parallel and Distributed Computing (Lab),201810736:201811267:201811374:201810149:201811399:201811382:201620091:201810950:201810764:201810220:201810797:201811639:201810466:201811483:201810447:201810739:201810138:201810219:201810105
2021-07-02 17:33:19,GC20200036,Classroom,Melner Balce Added Post in Parallel and Distributed Computing (Lab),201810736:201811267:201811374:201810149:201811399:201811382:201620091:201810950:201810764:201810220:201810797:201811639:201810466:201811483:201810447:201810739:201810138:201810219:201810105
2021-07-02 17:33:39,GC20200036,Classroom,Melner Balce Added Resources in Parallel and Distributed Computing (Lec),201810960:201810820:201810868:201810708:201810415:201811407:201810874:201810559:201810629:201810140:201810084:201810784:201811362:201810282:201810624:201810921:201811134:201810938:201810628:201810982
2021-07-02 17:36:02,GC20200036,Classroom,Melner Balce Added Resources in Parallel and Distributed Computing (Lec),201810960:201810820:201810868:201810708:201810415:201811407:201810874:201810559:201810629:201810140:201810084:201810784:201811362:201810282:201810624:201810921:201811134:201810938:201810628:201810982
2021-07-02 17:38:06,GC20200036,Classroom,Melner Balce Added Resources in Parallel and Distributed Computing (Lec),201810960:201810820:201810868:201810708:201810415:201811407:201810874:201810559:201810629:201810140:201810084:201810784:201811362:201810282:201810624:201810921:201811134:201810938:201810628:201810982
2021-07-02 17:39:00,GC20200036,Classroom,Melner Balce Added Activity in Parallel and Distributed Computing (Lec),201810960:201810820:201810868:201810708:201810415:201811407:201810874:201810559:201810629:201810140:201810084:201810784:201811362:201810282:201810624:201810921:201811134:201810938:201810628:201810982
2021-07-02 17:39:06,GC20200036,Classroom,Melner Balce Added Post in Parallel and Distributed Computing (Lec),201810960:201810820:201810868:201810708:201810415:201811407:201810874:201810559:201810629:201810140:201810084:201810784:201811362:201810282:201810624:201810921:201811134:201810938:201810628:201810982
2021-07-02 17:39:23,GC20200036,Classroom,Melner Balce Added Post in Parallel and Distributed Computing (Lec),201810960:201810820:201810868:201810708:201810415:201811407:201810874:201810559:201810629:201810140:201810084:201810784:201811362:201810282:201810624:201810921:201811134:201810938:201810628:201810982
2021-07-02 17:39:27,GC20200036,Classroom,Melner Balce Edited Activity with actcode AC202100015,
2021-07-02 17:39:37,GC20200036,Classroom,Melner Balce Edited Resource with rescode RS202100022,
2021-07-02 17:40:39,GC20200036,Classroom,Melner Balce Edited Activity with actcode AC202100015,
2021-07-02 17:41:12,GC20200036,Classroom,Melner Balce Edited Activity with actcode AC202100015,
2021-07-02 17:42:49,GC20200036,Classroom,Melner Balce Edited Resource with rescode RS202100022,
2021-07-02 17:42:55,GC20200036,Classroom,Melner Balce Edited Activity with actcode AC202100015,
2021-07-02 17:43:59,GC20200036,Classroom,Melner Balce Commented in Parallel and Distributed Computing (Lec),201810960:201810820:201810868:201810708:201810415:201811407:201810874:201810559:201810629:201810140:201810084:201810784:201811362:201810282:201810624:201810921:201811134:201810938:201810628:201810982
2021-07-02 17:44:41,GC20200036,Classroom,Melner Balce Commented in Parallel and Distributed Computing (Lec),201810960:201810820:201810868:201810708:201810415:201811407:201810874:201810559:201810629:201810140:201810084:201810784:201811362:201810282:201810624:201810921:201811134:201810938:201810628:201810982
2021-07-02 17:46:21,GC20200036,Classroom,Melner Balce Commented in Parallel and Distributed Computing (Lec),201810960:201810820:201810868:201810708:201810415:201811407:201810874:201810559:201810629:201810140:201810084:201810784:201811362:201810282:201810624:201810921:201811134:201810938:201810628:201810982
2021-07-02 17:46:32,GC20200036,Classroom,Melner Balce Commented in Parallel and Distributed Computing (Lec),201810960:201810820:201810868:201810708:201810415:201811407:201810874:201810559:201810629:201810140:201810084:201810784:201811362:201810282:201810624:201810921:201811134:201810938:201810628:201810982
2021-07-02 17:47:07,GC20200036,Classroom,Melner Balce Commented in Parallel and Distributed Computing (Lec),201810960:201810820:201810868:201810708:201810415:201811407:201810874:201810559:201810629:201810140:201810084:201810784:201811362:201810282:201810624:201810921:201811134:201810938:201810628:201810982
2021-07-02 17:47:51,GC20200036,Classroom,Melner Balce Edited Post with postcode CP202100048,
